INFO:root:
--- Null Entries (Column-wise) ---
INFO:root:Salutation: 0
INFO:root:Name: 0
INFO:root:Gender: 0
INFO:root:Date of Birth: 38
INFO:root:Mobile Number: 0
INFO:root:Type of Employee: 0
INFO:root:Nature of Employment: 0
INFO:root:Organization Unit: 0
INFO:root:Post: 0
INFO:root:Date of Joining: 39
INFO:root:Official Email: 0
INFO:root:
--- Duplicate Entries (Column-wise) ---
INFO:root:
Column: Salutation - 467 duplicates
INFO:root:Duplicate values:
['Mr.', 'Ms.', 'Mrs.', 'Dr.', 'Prof.']
INFO:root:
Column: Name - 51 duplicates
INFO:root:Duplicate values:
['Muzaffar', 'Manzoor', 'Abdul Majid Dar', 'Showkat', 'Mohd Ismail', 'Riyaz', 'Abdul Rashid Dar', 'Bashir Ahmad', 'Ghulam Nabi', 'Bashir Ahmad Sheikh', 'Manasha', 'nan']
INFO:root:
Column: Gender - 470 duplicates
INFO:root:Duplicate values:
['Male', 'Female']
INFO:root:
Column: Date of Birth - 71 duplicates
INFO:root:Duplicate values:
['1965-05-01', '1968-05-03', '1965-04-05', '1966-04-01', '1996-12-04', '1964-06-01', '1966-05-25', '1963-03-12', '1989-03-01', '1994-04-25', '1963-04-01', '1968-01-01', '1965-03-01', '1966-12-22', '1994-03-10', '1966-04-04', '1964-06-05', '1973-03-01', '1993-01-02', '1964-03-01', '1993-04-01', '1991-03-01', '1989-10-24', '1966-02-01', '1985-07-07', '1992-11-19', '1988-12-02', '1986-03-20', '1989-08-13', '1983-11-04']
INFO:root:
Column: Mobile Number - 30 duplicates
INFO:root:Duplicate values:
[1234567891, 7006259287, 1234567890, 1478529635, 8882629888, 9999999999, 9697265593, 7889473021, 7006291340, 8899200353, 9596065555]
INFO:root:
Column: Type of Employee - 470 duplicates
INFO:root:Duplicate values:
['Non-Teaching', 'Teaching']
INFO:root:
Column: Nature of Employment - 470 duplicates
INFO:root:Duplicate values:
['Permanent', 'Temporary']
INFO:root:
Column: Organization Unit - 431 duplicates
INFO:root:Duplicate values:
['Information Technology', 'ERP', 'Planning and Development', 'Personnel Department', 'Administration', 'Accounts', 'Department of Chemical Engineering', 'Materials and Metallurgical Engineering', 'Electrical Engineering', 'Electronics and Communication Engineering', 'Department of Mechanical Engineering', 'Mathematics', 'Computer Science and Engineering', 'Central Workshop', 'Computer Service Centre', 'Central Research Facility Centre', 'Academic Affairs', 'Civil Engineering', 'Medical Unit', 'Humanities Social Sciences and Management', 'Registrar Office', 'Water Resources Centre', 'Chemistry', 'Physics', 'Mess office', 'Library', 'Legal Cell', 'Examination', 'Electrical Maintenance Division', 'Hostel Office', 'Sports and Student Activities', 'Central Purchase Unit', 'Security', 'University Campus']
INFO:root:
Column: Post - 429 duplicates
INFO:root:Duplicate values:
['Sr. Technician', 'Technical Assistant', 'Others', 'Technician', 'Assistant Registrar', 'Deputy Registrar', 'Stenographer', 'Senior Technical Assistant', 'Superintendent', 'Assistant Grade I', 'Senior Assistant', 'Technical Officer', 'Junior Assistant', 'Junior Engineer', 'Assistant Professor', 'Professor', 'Associate Professor', 'Assistant professor']
INFO:root:
Column: Date of Joining - 200 duplicates
INFO:root:Duplicate values:
['1994-04-01', '1993-04-01', '1991-10-01', '1991-04-01', '2019-12-27', '2021-12-17', '1987-04-01', '2021-12-28', '2021-12-24', '2022-09-08', '2022-09-09', '1993-01-01', '1996-11-08', '2007-03-28', '1991-10-10', '2022-11-18', '1984-03-01', '2022-08-10', '2018-11-05', '2021-03-15', '2018-10-26', '2021-03-18', '2018-10-17', '2018-10-30', '2018-10-11', '1989-12-16', '1996-10-26', '2021-03-24', '2021-03-23', '2018-11-01', '2021-03-31', '2021-03-12', '2021-10-03', '2021-03-19', '2021-03-16', '2006-12-30', '2018-10-31', '2000-03-28', '2008-01-12', '2018-10-15', '1994-03-01', '1996-01-17', '1987-03-19', '2000-03-24', '2018-10-29', '1983-08-25', '2022-08-05', '2022-08-29', '2023-03-07', '2023-03-10', '2023-09-27', '2023-10-03', '2023-09-12', '2023-01-11', '2023-11-01', '2024-03-18', '2024-04-01']
INFO:root:
Column: Official Email - 5 duplicates
INFO:root:Duplicate values:
['mohdismail123@gmail.com', 'mehkhan27@gmail.com', 'deebhamumtaz@gmail.com', 'mirbisma5555@gmail.com']
INFO:root:
--- Unique Entries (Column-wise) ---
INFO:root:
Column: Salutation - 5 unique values
INFO:root:Values: ['Mr.' 'Ms.' 'Mrs.' 'Dr.' 'Prof.']
INFO:root:
Column: Name - 421 unique values
INFO:root:Values: ['Muzaffar' 'Mohammad Ashraf' 'Manzoor' 'Insha' 'Kalim Dar'
 'Abdul Rashid Teli' 'Abdul Majid Dar' 'Mushtaq ahmad bhat'
 'Abdul Mujeed Bhat' 'Khazir Mohammad Khan'] ...
INFO:root:
Column: Gender - 2 unique values
INFO:root:Values: ['Male' 'Female']
INFO:root:
Column: Date of Birth - 400 unique values
INFO:root:Values: ['1965-05-01' '1972-05-05' '1968-04-09' '1993-05-25' '1988-05-16'
 '1966-03-02' '1980-03-01' '1965-04-12' '1996-06-01' '1966-04-05'] ...
INFO:root:
Column: Mobile Number - 442 unique values
INFO:root:Values: [9541047030 7006984839 9797721521 7006752609 9906481650 9541400674
 9149738571 7889678554 9697975837 6006205423] ...
INFO:root:
Column: Type of Employee - 2 unique values
INFO:root:Values: ['Non-Teaching' 'Teaching']
INFO:root:
Column: Nature of Employment - 2 unique values
INFO:root:Values: ['Permanent' 'Temporary']
INFO:root:
Column: Organization Unit - 41 unique values
INFO:root:Values: ['Information Technology' 'ERP' 'Planning and Development'
 'Personnel Department' 'Administration' 'Accounts'
 'Department of Chemical Engineering'
 'Materials and Metallurgical Engineering' 'Electrical Engineering'
 'Electronics and Communication Engineering'] ...
INFO:root:
Column: Post - 43 unique values
INFO:root:Values: ['Sr. Technician' 'Technical Assistant' 'Others' 'Technician'
 'Assistant Registrar' 'Executive Engineer(civil)' 'Deputy Registrar'
 'Private Secretary' 'Stenographer' 'Senior Technical Assistant SGI'] ...
INFO:root:
Column: Date of Joining - 271 unique values
INFO:root:Values: ['1994-04-01' '1991-01-05' '1991-01-04' '2022-12-17' '2021-12-13'
 '1994-10-21' '1998-07-27' '1986-10-10' '1991-12-01' '1993-04-01'] ...
INFO:root:
Column: Official Email - 467 unique values
INFO:root:Values: ['muzaffar123@gmail.com' 'ashraf1232@gmail.com' 'manzoor.nit3@gmail.com'
 'cseinsha@gmail.com' 'kaleem@nitsri.ac.in' 'abdulrashidtali121@gmail.com'
 'ab.majid@nitsri.net' 'mushtaqahmad1145@gmail.com'
 'Abdulmajeedbhat@gmail.com' 'KhazirmohammadKhan@gmail.com'] ...
